<?xml version="1.0" encoding="UTF-8"?>
<!-- Generated by org.testng.reporters.JUnitReportReporter -->
<testsuite hostname="LAP01748" failures="0" tests="1" name="webdriver.Nhung_MultiSelect" time="6.474" errors="0" timestamp="2024-07-27T12:23:52 ICT" skipped="0">
  <testcase classname="webdriver.Nhung_MultiSelect" name="MultiSelect" time="6.474"/>
</testsuite> <!-- webdriver.Nhung_MultiSelect -->
