<?xml version="1.0" encoding="UTF-8"?>
<!-- Generated by org.testng.reporters.JUnitReportReporter -->
<testsuite hostname="LAP01748" failures="0" tests="1" name="webdriver.BaiTapVeNha01" time="13.316" errors="0" timestamp="2024-07-13T10:33:54 ICT" skipped="0">
  <testcase classname="webdriver.BaiTapVeNha01" name="TestCase01" time="13.316"/>
</testsuite> <!-- webdriver.BaiTapVeNha01 -->
