<?xml version="1.0" encoding="UTF-8"?>
<!-- Generated by org.testng.reporters.JUnitReportReporter -->
<testsuite hostname="LAP01748" failures="0" tests="1" name="webdriver.BTVN1407" time="14.629" errors="0" timestamp="2024-07-28T11:25:27 ICT" skipped="0">
  <testcase classname="webdriver.BTVN1407" name="ex_04" time="14.629"/>
</testsuite> <!-- webdriver.BTVN1407 -->
