<?xml version="1.0" encoding="UTF-8"?>
<!-- Generated by org.testng.reporters.JUnitReportReporter -->
<testsuite hostname="LAP01748" failures="0" tests="1" name="webdriver.Topic01_checkENV" time="0.006" errors="0" timestamp="2024-07-07T10:14:44 ICT" skipped="0">
  <testcase classname="webdriver.Topic01_checkENV" name="TC_01_ValidateCurrentUrl" time="0.006"/>
</testsuite> <!-- webdriver.Topic01_checkENV -->
