<?xml version="1.0" encoding="UTF-8"?>
<!-- Generated by org.testng.reporters.JUnitReportReporter -->
<testsuite hostname="LAP01748" failures="0" tests="1" name="webdriver.Nhung_DragAndDrop" time="3.803" errors="0" timestamp="2024-07-27T12:24:07 ICT" skipped="0">
  <testcase classname="webdriver.Nhung_DragAndDrop" name="DragAndDrop" time="3.803"/>
</testsuite> <!-- webdriver.Nhung_DragAndDrop -->
